\BOOKMARK [1][-]{section*.1}{\376\377\144\130\000\040\000\040\000\040\211\201}{}% 1
\BOOKMARK [1][-]{section*.2}{\376\377\000A\000B\000S\000T\000R\000A\000C\000T}{}% 2
\BOOKMARK [1][-]{section.1}{\376\377\176\352\213\272}{}% 3
\BOOKMARK [2][-]{subsection.1.1}{\376\377\213\376\230\230\170\024\172\166\200\314\146\157\124\214\141\017\116\111}{section.1}% 4
\BOOKMARK [2][-]{subsection.1.2}{\376\377\126\375\121\205\131\026\170\024\172\166\163\260\162\266}{section.1}% 5
\BOOKMARK [2][-]{subsection.1.3}{\376\377\147\054\145\207\170\024\172\166\121\205\133\271}{section.1}% 6
\BOOKMARK [1][-]{section.2}{\376\377\213\241\173\227\147\072\176\304\142\020\116\016\213\276\213\241\040\024\040\024\127\372\116\216\000R\000I\000S\000C\000-\000V}{}% 7
\BOOKMARK [2][-]{subsection.2.1}{\376\377\143\007\116\344\210\150\171\072\145\271\154\325\116\016\143\007\116\344\150\074\137\017}{section.2}% 8
\BOOKMARK [3][-]{subsubsection.2.1.1}{\376\377\000R\143\007\116\344}{subsection.2.1}% 9
\BOOKMARK [3][-]{subsubsection.2.1.2}{\376\377\000I\143\007\116\344}{subsection.2.1}% 10
\BOOKMARK [3][-]{subsubsection.2.1.3}{\376\377\000S\143\007\116\344\116\016\000B\143\007\116\344}{subsection.2.1}% 11
\BOOKMARK [3][-]{subsubsection.2.1.4}{\376\377\000U\143\007\116\344\124\214\000J\143\007\116\344}{subsection.2.1}% 12
\BOOKMARK [2][-]{subsection.2.2}{\376\377\155\101\154\064\176\277}{section.2}% 13
\BOOKMARK [3][-]{subsubsection.2.2.1}{\376\377\131\004\164\006\126\150\140\047\200\375\136\246\221\317\145\271\154\325}{subsection.2.2}% 14
\BOOKMARK [3][-]{subsubsection.2.2.2}{\376\377\176\323\147\204\121\222\226\151}{subsection.2.2}% 15
\BOOKMARK [3][-]{subsubsection.2.2.3}{\376\377\145\160\143\156\121\222\226\151}{subsection.2.2}% 16
\BOOKMARK [3][-]{subsubsection.2.2.4}{\376\377\143\247\122\066\121\222\226\151}{subsection.2.2}% 17
\BOOKMARK [1][-]{section.3}{\376\377\000Q\000e\000m\000u\000\040\000\046\000\040\000K\000V\000M\000\040\127\372\147\054\123\237\164\006}{}% 18
\BOOKMARK [2][-]{subsection.3.1}{\376\377\206\132\142\337\123\026}{section.3}% 19
\BOOKMARK [3][-]{subsubsection.3.1.1}{\376\377\217\157\116\366\206\132\142\337\123\026}{subsection.3.1}% 20
\BOOKMARK [3][-]{subsubsection.3.1.2}{\376\377\170\154\116\366\206\132\142\337\123\026}{subsection.3.1}% 21
\BOOKMARK [2][-]{subsection.3.2}{\376\377\170\154\116\366\206\132\142\337\123\026\116\313\176\315}{section.3}% 22
\BOOKMARK [3][-]{subsubsection.3.2.1}{\376\377\000C\000P\000U\206\132\142\337\123\026}{subsection.3.2}% 23
\BOOKMARK [3][-]{subsubsection.3.2.2}{\376\377\121\205\133\130\206\132\142\337\123\026}{subsection.3.2}% 24
\BOOKMARK [3][-]{subsubsection.3.2.3}{\376\377\000I\000/\000O\206\132\142\337\123\026}{subsection.3.2}% 25
\BOOKMARK [2][-]{subsection.3.3}{\376\377\000K\000V\000M\000\040\000\046\000\040\000Q\000e\000m\000u\152\041\142\337\126\150\116\313\176\315}{section.3}% 26
\BOOKMARK [3][-]{subsubsection.3.3.1}{\376\377\000K\000V\000M\121\205\150\070\152\041\127\127}{subsection.3.3}% 27
\BOOKMARK [3][-]{subsubsection.3.3.2}{\376\377\000Q\000E\000M\000U\165\050\142\067\140\001\213\276\131\007\152\041\142\337}{subsection.3.3}% 28
\BOOKMARK [2][-]{subsection.3.4}{\376\377\000K\000V\000M\116\012\134\102\173\241\164\006\135\345\121\167}{section.3}% 29
\BOOKMARK [3][-]{subsubsection.3.4.1}{\376\377\000l\000i\000b\000v\000i\000r\000t}{subsection.3.4}% 30
\BOOKMARK [3][-]{subsubsection.3.4.2}{\376\377\000v\000i\000r\000s\000h}{subsection.3.4}% 31
\BOOKMARK [3][-]{subsubsection.3.4.3}{\376\377\000v\000i\000r\000t\000-\000m\000a\000n\000a\000g\000e\000r}{subsection.3.4}% 32
\BOOKMARK [1][-]{section.4}{\376\377\133\236\232\214\155\101\172\013}{}% 33
\BOOKMARK [2][-]{subsection.4.1}{\376\377\122\115\147\037\121\306\131\007}{section.4}% 34
\BOOKMARK [3][-]{subsubsection.4.1.1}{\376\377\116\244\123\311\135\345\121\167\224\376\166\204\121\306\131\007}{subsection.4.1}% 35
\BOOKMARK [2][-]{subsection.4.2}{\376\377\000Q\000e\000m\000u\000\040\000\046\000\040\000K\000V\000M\144\055\136\372}{section.4}% 36
\BOOKMARK [2][-]{subsection.4.3}{\376\377\171\373\151\015\217\307\172\013\116\313\176\315}{section.4}% 37
\BOOKMARK [2][-]{subsection.4.4}{\376\377\122\066\117\134\000\040\000B\000o\000o\000t\000L\000o\000a\000d\000e\000r\040\024\040\024\000B\000B\000L\000\050\000B\000e\000r\000k\000e\000l\000e\000y\000\040\000B\000o\000o\000t\000\040\000L\000o\000a\000d\000e\000r\000\051}{section.4}% 38
\BOOKMARK [2][-]{subsection.4.5}{\376\377\122\033\136\372\150\071\145\207\116\366\174\373\176\337}{section.4}% 39
\BOOKMARK [2][-]{subsection.4.6}{\376\377\221\115\177\156\000S\000S\000H\147\015\122\241}{section.4}% 40
\BOOKMARK [2][-]{subsection.4.7}{\376\377\147\000\176\310\145\110\147\234}{section.4}% 41
\BOOKMARK [1][-]{section.5}{\376\377\116\016\122\115\116\272\153\324\217\203}{}% 42
\BOOKMARK [2][-]{subsection.5.1}{\376\377\145\066\203\267}{section.5}% 43
\BOOKMARK [2][-]{subsection.5.2}{\376\377\116\015\215\263}{section.5}% 44
\BOOKMARK [1][-]{section.6}{\376\377\140\073\176\323}{}% 45
\BOOKMARK [1][-]{section*.20}{\376\377\123\302\200\003\145\207\163\056}{}% 46
\BOOKMARK [1][-]{section*.21}{\376\377\226\104\000\040\000\040\000\040\137\125}{}% 47
\BOOKMARK [2][-]{section*.22}{\376\377\226\104\137\125\000A}{section*.21}% 48
\BOOKMARK [2][-]{section*.23}{\376\377\226\104\137\125\000B}{section*.21}% 49
\BOOKMARK [1][-]{section*.31}{\376\377\201\364\000\040\000\040\000\040\214\042}{}% 50
